<?xml version="1.0" encoding="UTF-8"?>
<testng-results ignored="0" total="1" passed="1" failed="0" skipped="0">
  <reporter-output>
  </reporter-output>
  <suite started-at="2022-09-14T18:18:26 IST" name="Default suite" finished-at="2022-09-14T18:18:55 IST" duration-ms="28504">
    <groups>
    </groups>
    <test started-at="2022-09-14T18:18:26 IST" name="Default test" finished-at="2022-09-14T18:18:55 IST" duration-ms="28504">
      <class name="google.gle.test_google">
        <test-method signature="open_google()[pri:0, instance:google.gle.test_google@1ea9f6af]" started-at="2022-09-14T18:18:26 IST" name="open_google" finished-at="2022-09-14T18:18:55 IST" duration-ms="28441" status="PASS">
          <reporter-output>
          </reporter-output>
        </test-method> <!-- open_google -->
      </class> <!-- google.gle.test_google -->
    </test> <!-- Default test -->
  </suite> <!-- Default suite -->
</testng-results>
